566
421 91
455 434
1213 651
1310 531
1325 494
1681 1501
1866 1686
2653 2426
2847 2286
2914 2236
4206 4156
4688 4539
4871 4867
4979 4740
5078 4379
5566 5287
5812 5623
6263 5942
6813 5910
6975 5870
7148 5567
7185 4376
7287 7283
7456 4352
7555 4288
7565 4050
7727 4009
7729 3787
7845 3745
7981 7848
8431 8387
8784 8581
9030 8473
9066 8343
9252 8281
9814 9726
10239 10116
10966 10798
10995 10683
11149 11057
11451 11417
11752 11465
11755 11416
12511 12460
12690 12361
13085 12721
13293 12710
13442 12322
13502 12054
13556 12038
13884 13683
14298 13905
14687 14305
14706 12018
14795 11985
14808 11876
14852 11336
14940 11314
15278 15252
15282 11295
15365 15322
15677 15291
15689 11256
15831 11183
15942 11182
15967 10638
16035 10559
16376 16061
16391 10521
16544 10493
16584 10462
16735 10333
16928 10274
17109 16932
17198 10109
17636 17392
17678 17353
17747 17737
18014 17337
18509 18198
18523 18138
19009 18844
19259 19128
19555 19327
20832 20573
20893 20536
21002 20515
21142 21113
21166 21089
21532 21258
21821 21616
22033 21900
22339 22226
22705 22511
22744 22071
22862 21577
22970 21560
23066 21556
23086 21211
23409 23393
23421 23239
24416 24297
24770 24597
24787 24783
25073 25038
25405 25399
25516 25199
25611 25602
25678 24880
25726 24447
25863 24434
26106 24161
26128 24158
26206 24059
26295 26268
26303 23861
26776 26746
27687 27639
28013 27872
28225 28154
28364 28355
28562 28552
28808 28144
28922 28868
29310 29289
29340 29110
29746 29708
29766 28992
29807 28932
30487 30245
30646 30614
30803 30776
30860 30812
30942 30920
30959 30697
31786 31644
31793 31632
33048 32680
33108 32661
33131 32493
33215 32403
33316 32353
33422 32343
33510 32201
33580 32198
33905 33637
34167 34020
34260 34221
34298 32144
34303 32051
34311 32008
34317 31850
34682 34620
34755 34712
34795 34781
34914 34600
34963 34588
35273 34529
35766 35661
35797 35535
36127 35435
36156 35365
36337 35361
36459 34497
36817 34415
36944 34410
37035 31557
37198 31425
37211 31357
37513 31319
37607 31306
37688 31304
37927 37692
38066 31157
38253 38082
38441 38427
38459 31122
38561 31118
38625 38595
38697 38669
40093 39977
40162 39855
40169 39741
40418 40281
40661 40541
40892 40724
40997 40488
41294 41016
41601 41566
41832 41396
42359 42005
42388 41874
42460 41850
42469 40259
42938 42575
42946 42524
43266 42514
43348 42490
43400 39520
43546 39502
43765 39459
43790 39294
44118 43889
44375 44189
44991 44822
44995 44442
45014 43858
45024 39291
45031 39196
45090 39177
45121 39082
45447 39026
45552 38985
45667 30656
45714 30545
45928 30160
45947 30073
45999 30005
46118 29958
46355 29955
46444 46383
46619 46458
46767 46637
46793 29930
46980 29865
46985 28818
47032 28094
47169 27864
47198 27723
47200 27279
47324 27184
47444 47336
47616 47510
47724 27138
47729 27106
47735 27056
47812 47736
47814 26878
47904 26723
48119 47943
48187 26652
48326 48223
48395 26615
48851 48706
49084 48983
49303 48643
49396 48546
49707 49700
50263 50031
50423 50028
50793 50574
50850 49777
51251 50922
51302 50903
51471 49641
51996 51754
52154 51587
52197 51513
52305 49634
52461 49626
53077 52560
53101 52509
53236 49556
53247 49534
53695 53378
53890 53748
53983 53974
54826 54670
55751 55662
55812 55545
56329 56294
56746 56339
56786 56118
57201 57124
57252 56061
57271 55944
58178 57657
58203 57591
58374 58289
58449 57588
58465 57557
58537 57528
58551 57385
58785 57302
58801 55901
59181 59045
59284 59191
59518 59458
59783 59708
59795 59649
60267 60163
60314 59923
60669 59868
60821 60695
60833 60687
60987 60679
61141 61013
61288 61278
61420 61142
61427 59435
61430 59432
61673 61515
61771 59379
61830 59333
61969 59326
62096 58961
62276 55874
62947 62683
63364 62486
63410 62369
63469 62352
63606 55855
63757 63630
63795 55544
63832 55514
64466 64091
64521 64028
64843 64742
64952 64941
65059 65019
65797 65736
66054 66047
66133 65661
66342 65362
66363 65355
66650 66521
66757 66372
66779 65270
66969 66956
67086 67049
67136 66896
67153 65246
67223 65228
67467 67442
67672 67540
67843 67388
68002 67848
68094 67311
68198 67252
68423 68273
68611 67238
68696 64963
68781 64719
69001 68942
69009 64652
69427 69060
69447 69024
69476 64556
69545 63911
69574 55309
69605 55148
69730 69692
69763 55086
69866 54938
69919 54936
70136 54666
70289 54603
70350 70291
70390 54247
70434 54228
70569 70436
70598 54147
70599 53891
70699 53744
70729 53376
70809 70766
70907 53310
70911 49477
70958 48471
70960 26452
71081 26309
71162 23848
71513 71245
71583 71244
71948 23822
72028 23816
72157 72054
72215 23782
72252 23733
72607 72265
72745 23683
72762 23652
72918 23480
73229 73078
73446 72963
73648 73498
73684 23477
73723 23462
73792 23185
73924 23139
73975 21082
74004 20315
74025 20313
74337 74278
74376 74075
74520 74382
74746 74705
74808 74046
75044 20230
75060 20190
75083 19970
75147 19947
75536 19907
75697 75629
75730 19798
75863 75849
76612 76538
76663 76511
76713 76347
76799 76086
76852 76059
77220 77059
77373 76946
77390 76908
77524 77461
77710 77559
77772 76901
77937 77796
77944 76005
78162 75882
78186 75870
78345 78194
78661 75832
78709 75776
78792 19654
78804 19581
79011 78994
79033 78832
79064 19278
79100 18588
79269 18543
79761 79620
79780 79386
79818 79273
80017 79972
80081 79931
80297 80115
80312 18020
80395 80355
80401 17326
80414 17317
80581 80423
80622 17280
80950 80770
81057 17236
81095 10024
81235 9843
81248 9720
81272 9698
81346 81285
81446 9602
81608 9495
81670 9457
81689 8177
81843 81798
82070 82062
82315 81764
82640 82399
82697 82390
82713 81694
82809 8169
82844 3743
82852 3693
83071 82927
83076 3621
83291 83089
83377 3500
83391 3410
83406 3395
83690 83625
84432 84248
84627 84164
84772 84741
84898 84818
84899 84092
85325 85124
85373 84091
85432 84040
85484 84021
85890 85814
86080 86044
86230 86111
86235 85573
86580 86534
86771 86686
87016 86675
87262 87177
87754 87131
88017 87918
88019 87115
88029 87022
88327 88052
88526 88392
88555 86615
88673 88590
88952 88795
89034 88751
89381 89211
89786 89745
89798 89557
90085 89804
90153 89464
90359 89418
90411 88572
90775 90772
90903 90706
91215 91172
91257 90982
91342 91283
91588 90970
91891 90703
92066 91991
92099 90493
92496 92149
92579 90446
92723 90439
92843 90424
92939 88568
93012 86439
93059 86360
93133 86294
93519 93461
93611 93357
93942 93716
93978 93620
93987 86278
94042 83893
94092 83848
94115 83770
94455 83602
94735 94627
95176 95059
95185 94852
95469 95363
95504 95476
95998 95669
96048 95524
96194 95267
96281 94785
96291 83521
96382 83456
96543 3301
96617 3165
96634 3074
96901 2981
96904 2979
97167 96921
97192 2154
97534 97478
97806 97688
97952 97571
98356 97963
98548 97473
98605 97447
98700 97424
99062 99046
99068 97199
99095 99087
99100 2092
99109 2074
99113 1360
99249 99168
99431 1335
99511 428
99713 64
99889 29
